#
# A fatal error has been detected by the Java Runtime Environment:
#
#  EXCEPTION_ACCESS_VIOLATION (0xc0000005) at pc=0x0000000180005b6b, pid=1628, tid=3128
#
# JRE version: 7.0-b147
# Java VM: Java HotSpot(TM) 64-Bit Server VM (21.0-b17 mixed mode windows-amd64 compressed oops)
# Problematic frame:
# C  [rxtxSerial.dll+0x5b6b]
#
# Failed to write core dump. Minidumps are not enabled by default on client versions of Windows
#
# If you would like to submit a bug report, please visit:
#   http://bugreport.sun.com/bugreport/crash.jsp
# The crash happened outside the Java Virtual Machine in native code.
# See problematic frame for where to report the bug.
#

---------------  T H R E A D  ---------------

Current thread (0x0000000009e9a800):  JavaThread "Thread-5" [_thread_in_native, id=3128, stack(0x000000000b2c0000,0x000000000b3c0000)]

siginfo: ExceptionCode=0xc0000005, writing address 0x000000000a7feab8

Registers:
RAX=0x00000000ffffffff, RBX=0x0000000000000000, RCX=0x0000000000000006, RDX=0x0000000000000000
RSP=0x000000000b3bee50, RBP=0x0000000000000190, RSI=0x0000000000000002, RDI=0x0000000000000001
R8 =0x000007fffff86000, R9 =0x0000000180000000, R10=0x0000000000000000, R11=0x0000000000000200
R12=0x000000000a7feab0, R13=0x0000000000000001, R14=0x0000000000000000, R15=0x0000000006c81c59
RIP=0x0000000180005b6b, EFLAGS=0x0000000000010286

Top of Stack: (sp=0x000000000b3bee50)
0x000000000b3bee50:   0000000000000000 0000000000000000
0x000000000b3bee60:   0000000000000000 0000000000000000
0x000000000b3bee70:   0000000000000000 000000000b3befb0
0x000000000b3bee80:   000000000b3bf000 0000000000000001
0x000000000b3bee90:   0000000009e9a9d0 0000000000000001
0x000000000b3beea0:   0000000000000190 0000000180006211
0x000000000b3beeb0:   000000000211b110 0000000000000001
0x000000000b3beec0:   0000000000000001 000000000211b110
0x000000000b3beed0:   0000000000000001 0000000000000190
0x000000000b3beee0:   000000000b3befa8 000000018000b7fe
0x000000000b3beef0:   0000000000000000 000000000b3bf070
0x000000000b3bef00:   0000000009e9a9d0 000000a600000002
0x000000000b3bef10:   00000000000000a5 000000000000001c
0x000000000b3bef20:   000000000b3befe5 0000f8a16d3b0c52
0x000000000b3bef30:   000000000b3befd0 000000000b3bf000
0x000000000b3bef40:   0000000009e9a800 000000000b3bf0b8 

Instructions: (pc=0x0000000180005b6b)
0x0000000180005b4b:   31 00 00 85 c0 78 33 74 06 03 d8 2b f8 eb 0a b9
0x0000000180005b5b:   e8 03 00 00 e8 1c 1c 00 00 41 3b dd 7c b7 8b c3
0x0000000180005b6b:   45 89 74 24 08 48 8b 5c 24 60 48 83 c4 20 41 5f
0x0000000180005b7b:   41 5e 41 5d 41 5c 5f 5e 5d c3 e8 1e 61 00 00 83 


Register to memory mapping:

RAX=0x00000000ffffffff is an unallocated location in the heap
RBX=0x0000000000000000 is an unknown value
RCX=0x0000000000000006 is an unknown value
RDX=0x0000000000000000 is an unknown value
RSP=0x000000000b3bee50 is pointing into the stack for thread: 0x0000000009e9a800
RBP=0x0000000000000190 is an unknown value
RSI=0x0000000000000002 is an unknown value
RDI=0x0000000000000001 is an unknown value
R8 =0x000007fffff86000 is an unknown value
R9 =0x0000000180000000 is an unknown value
R10=0x0000000000000000 is an unknown value
R11=0x0000000000000200 is an unknown value
R12=0x000000000a7feab0 is an unknown value
R13=0x0000000000000001 is an unknown value
R14=0x0000000000000000 is an unknown value
R15=0x0000000006c81c59 is pointing into the stack for thread: 0x000000000625a800


Stack: [0x000000000b2c0000,0x000000000b3c0000],  sp=0x000000000b3bee50,  free space=1019k
Native frames: (J=compiled Java code, j=interpreted, Vv=VM code, C=native code)
C  [rxtxSerial.dll+0x5b6b]  Java_gnu_io_RXTXPort_nativeSetEndOfInputChar+0x31b

[error occurred during error reporting (printing native stack), id 0xc0000005]

Java frames: (J=compiled Java code, j=interpreted, Vv=VM code)
J  gnu.io.RXTXPort.readArray([BII)I
j  gnu.io.RXTXPort$SerialInputStream.read([BII)I+187
j  gnu.io.RXTXPort$SerialInputStream.read([B)I+38
j  com.pmiapp.common.RawCommunication.serialMain(Ljava/lang/String;III)I+274
j  com.pmiapp.apcs.APCSCommunication.serialMain(Ljava/lang/String;III)I+52
j  com.pmiapp.apcs.APCSCommunication.rawReading(I)I+122
J  com.pmiapp.apcs.GaugeReadThread.run()V
v  ~StubRoutines::call_stub

---------------  P R O C E S S  ---------------

Java Threads: ( => current thread )
=>0x0000000009e9a800 JavaThread "Thread-5" [_thread_in_native, id=3128, stack(0x000000000b2c0000,0x000000000b3c0000)]
  0x0000000009e1f000 JavaThread "Swing-Shell" daemon [_thread_blocked, id=7552, stack(0x000000000a980000,0x000000000aa80000)]
  0x00000000079bb800 JavaThread "TimerQueue" daemon [_thread_blocked, id=5892, stack(0x000000000a4f0000,0x000000000a5f0000)]
  0x000000000227b800 JavaThread "DestroyJavaVM" [_thread_blocked, id=6648, stack(0x00000000024b0000,0x00000000025b0000)]
  0x000000000776f000 JavaThread "AWT-EventQueue-0" [_thread_in_vm, id=7964, stack(0x0000000008b90000,0x0000000008c90000)]
  0x000000000767d800 JavaThread "AWT-Windows" daemon [_thread_in_native, id=3216, stack(0x0000000007f30000,0x0000000008030000)]
  0x000000000767d000 JavaThread "AWT-Shutdown" [_thread_blocked, id=5256, stack(0x0000000007d00000,0x0000000007e00000)]
  0x000000000767a000 JavaThread "Java2D Disposer" daemon [_thread_blocked, id=7148, stack(0x0000000007aa0000,0x0000000007ba0000)]
  0x000000000627e800 JavaThread "Service Thread" daemon [_thread_blocked, id=1420, stack(0x0000000007340000,0x0000000007440000)]
  0x000000000627b000 JavaThread "C2 CompilerThread1" daemon [_thread_blocked, id=7568, stack(0x0000000007120000,0x0000000007220000)]
  0x0000000006263000 JavaThread "C2 CompilerThread0" daemon [_thread_blocked, id=7752, stack(0x0000000006fb0000,0x00000000070b0000)]
  0x000000000625f800 JavaThread "Attach Listener" daemon [_thread_blocked, id=5312, stack(0x0000000006dc0000,0x0000000006ec0000)]
  0x000000000625a800 JavaThread "Signal Dispatcher" daemon [_thread_blocked, id=2064, stack(0x0000000006c10000,0x0000000006d10000)]
  0x00000000021d4000 JavaThread "Finalizer" daemon [_thread_blocked, id=7632, stack(0x0000000006ae0000,0x0000000006be0000)]
  0x00000000021cd000 JavaThread "Reference Handler" daemon [_thread_blocked, id=1892, stack(0x0000000006930000,0x0000000006a30000)]

Other Threads:
  0x00000000021c5800 VMThread [stack: 0x0000000006720000,0x0000000006820000] [id=1784]
  0x0000000006299800 WatcherThread [stack: 0x00000000074c0000,0x00000000075c0000] [id=1768]

VM state:not at safepoint (normal execution)

VM Mutex/Monitor currently owned by a thread: None

Heap
 PSYoungGen      total 18176K, used 16458K [0x00000000eb400000, 0x00000000ecc70000, 0x0000000100000000)
  eden space 15552K, 89% used [0x00000000eb400000,0x00000000ec18a550,0x00000000ec330000)
  from space 2624K, 98% used [0x00000000ec390000,0x00000000ec6182d0,0x00000000ec620000)
  to   space 4736K, 0% used [0x00000000ec7d0000,0x00000000ec7d0000,0x00000000ecc70000)
 PSOldGen        total 42496K, used 3149K [0x00000000c1c00000, 0x00000000c4580000, 0x00000000eb400000)
  object space 42496K, 7% used [0x00000000c1c00000,0x00000000c1f13490,0x00000000c4580000)
 PSPermGen       total 21248K, used 16274K [0x00000000bca00000, 0x00000000bdec0000, 0x00000000c1c00000)
  object space 21248K, 76% used [0x00000000bca00000,0x00000000bd9e48e8,0x00000000bdec0000)

Code Cache  [0x00000000025b0000, 0x0000000002820000, 0x00000000055b0000)
 total_blobs=990 nmethods=501 adapters=439 free_code_cache=47516Kb largest_free_block=48623232

Dynamic libraries:
0x000000013fdd0000 - 0x000000013fe03000 	C:\Program Files\Java\jdk1.7.0\jre\bin\java.exe
0x00000000775b0000 - 0x0000000077759000 	C:\windows\SYSTEM32\ntdll.dll
0x0000000077180000 - 0x000000007729f000 	C:\windows\system32\kernel32.dll
0x000007fefdb00000 - 0x000007fefdb6b000 	C:\windows\system32\KERNELBASE.dll
0x000007feff540000 - 0x000007feff61b000 	C:\windows\system32\ADVAPI32.dll
0x000007fefdde0000 - 0x000007fefde7f000 	C:\windows\system32\msvcrt.dll
0x000007fefe020000 - 0x000007fefe03f000 	C:\windows\SYSTEM32\sechost.dll
0x000007fefe470000 - 0x000007fefe59d000 	C:\windows\system32\RPCRT4.dll
0x00000000774b0000 - 0x00000000775aa000 	C:\windows\system32\USER32.dll
0x000007feff620000 - 0x000007feff687000 	C:\windows\system32\GDI32.dll
0x000007fefe460000 - 0x000007fefe46e000 	C:\windows\system32\LPK.dll
0x000007fefdea0000 - 0x000007fefdf69000 	C:\windows\system32\USP10.dll
0x000007fefc9e0000 - 0x000007fefcbd4000 	C:\windows\WinSxS\amd64_microsoft.windows.common-controls_6595b64144ccf1df_6.0.7601.17514_none_fa396087175ac9ac\COMCTL32.dll
0x000007fefe2d0000 - 0x000007fefe341000 	C:\windows\system32\SHLWAPI.dll
0x000007fefe040000 - 0x000007fefe06e000 	C:\windows\system32\IMM32.DLL
0x000007fefe350000 - 0x000007fefe459000 	C:\windows\system32\MSCTF.dll
0x000000006c420000 - 0x000000006c4f1000 	C:\Program Files\Java\jdk1.7.0\jre\bin\msvcr100.dll
0x000000006a690000 - 0x000000006ad5e000 	C:\Program Files\Java\jdk1.7.0\jre\bin\server\jvm.dll
0x000007fefa130000 - 0x000007fefa139000 	C:\windows\system32\WSOCK32.dll
0x000007feff770000 - 0x000007feff7bd000 	C:\windows\system32\WS2_32.dll
0x000007fefe010000 - 0x000007fefe018000 	C:\windows\system32\NSI.dll
0x000007fefc210000 - 0x000007fefc24b000 	C:\windows\system32\WINMM.dll
0x0000000077770000 - 0x0000000077777000 	C:\windows\system32\PSAPI.DLL
0x000000006efb0000 - 0x000000006efbf000 	C:\Program Files\Java\jdk1.7.0\jre\bin\verify.dll
0x000000006cb40000 - 0x000000006cb68000 	C:\Program Files\Java\jdk1.7.0\jre\bin\java.dll
0x000000006c7c0000 - 0x000000006c7d5000 	C:\Program Files\Java\jdk1.7.0\jre\bin\zip.dll
0x000000006a4f0000 - 0x000000006a683000 	C:\Program Files\Java\jdk1.7.0\jre\bin\awt.dll
0x000007feff690000 - 0x000007feff767000 	C:\windows\system32\OLEAUT32.dll
0x000007fefe5a0000 - 0x000007fefe7a3000 	C:\windows\system32\ole32.dll
0x000007fefb0f0000 - 0x000007fefb108000 	C:\windows\system32\DWMAPI.DLL
0x000007fefc280000 - 0x000007fefc2d6000 	C:\windows\system32\uxtheme.dll
0x000007feea7a0000 - 0x000007feea875000 	c:\Program Files\Hewlett-Packard\HP ProtectTools Security Manager\Bin\DpoFeedb.dll
0x000007fefcdd0000 - 0x000007fefcddc000 	C:\windows\system32\VERSION.dll
0x000007fefce50000 - 0x000007fefce6e000 	C:\windows\system32\USERENV.dll
0x000007fefda10000 - 0x000007fefda1f000 	C:\windows\system32\profapi.dll
0x000007fefd940000 - 0x000007fefd94f000 	C:\windows\system32\CRYPTBASE.dll
0x000007feea410000 - 0x000007feea467000 	c:\Program Files\Hewlett-Packard\HP ProtectTools Security Manager\Bin\DpoSet.dll
0x000007fefe7b0000 - 0x000007feff538000 	C:\windows\system32\SHELL32.dll
0x000000006c680000 - 0x000000006c6b4000 	C:\Program Files\Java\jdk1.7.0\jre\bin\fontmanager.dll
0x000007feee970000 - 0x000007feee9af000 	C:\Program Files\WIDCOMM\Bluetooth Software\btmmhook.dll
0x000000006da90000 - 0x000000006daa9000 	C:\Program Files\Java\jdk1.7.0\jre\bin\net.dll
0x000007fefd280000 - 0x000007fefd2d5000 	C:\windows\system32\mswsock.dll
0x000007fefd270000 - 0x000007fefd277000 	C:\windows\System32\wship6.dll
0x000000006c780000 - 0x000000006c791000 	C:\Program Files\Java\jdk1.7.0\jre\bin\nio.dll
0x000000006c630000 - 0x000000006c671000 	C:\Program Files\Java\jdk1.7.0\jre\bin\t2k.dll
0x000007fefdf70000 - 0x000007fefe009000 	C:\windows\system32\CLBCatQ.DLL
0x000000006a340000 - 0x000000006a370000 	C:\Program Files\Java\jdk1.7.0\jre\bin\jpeg.dll
0x0000000180000000 - 0x0000000180025000 	C:\Windows\System32\rxtxSerial.dll
0x000007fef7120000 - 0x000007fef71c0000 	C:\windows\WinSxS\amd64_microsoft.windows.common-controls_6595b64144ccf1df_5.82.7601.17514_none_a4d6a923711520a9\comctl32.dll
0x000007fefe070000 - 0x000007fefe247000 	C:\windows\system32\SETUPAPI.dll
0x000007fefdac0000 - 0x000007fefdaf6000 	C:\windows\system32\CFGMGR32.dll
0x000007fefdc50000 - 0x000007fefdc6a000 	C:\windows\system32\DEVOBJ.dll
0x000007fefc2e0000 - 0x000007fefc40c000 	C:\windows\system32\propsys.dll
0x000007fefbb60000 - 0x000007fefbb8d000 	C:\windows\system32\ntmarta.dll
0x000007feff7c0000 - 0x000007feff812000 	C:\windows\system32\WLDAP32.dll
0x000007fefd8e0000 - 0x000007fefd937000 	C:\windows\system32\apphelp.dll
0x000007fef3470000 - 0x000007fef360c000 	C:\windows\system32\NetworkExplorer.dll
0x000007fef3c10000 - 0x000007fef3c44000 	C:\windows\System32\shdocvw.dll
0x000007fefadc0000 - 0x000007fefadcb000 	C:\windows\system32\slc.dll
0x000007fefa980000 - 0x000007fefaaaa000 	C:\windows\system32\WindowsCodecs.dll
0x0000000071400000 - 0x0000000071416000 	C:\Program Files\Common Files\TortoiseOverlays\TortoiseOverlays.dll
0x00000000713f0000 - 0x0000000071400000 	C:\Program Files\TortoiseSVN\bin\TortoiseStub.dll
0x0000000071370000 - 0x00000000713eb000 	C:\Program Files\TortoiseSVN\bin\TortoiseSVN.dll
0x0000000076ed0000 - 0x000000007702b000 	C:\windows\system32\WININET.dll
0x0000000077780000 - 0x0000000077783000 	C:\windows\system32\Normaliz.dll
0x00000000772a0000 - 0x00000000774af000 	C:\windows\system32\iertutil.dll
0x0000000077030000 - 0x000000007717d000 	C:\windows\system32\urlmon.dll
0x000007fef4f70000 - 0x000007fef5359000 	C:\Program Files\TortoiseSVN\bin\libsvn_tsvn.dll
0x0000000070f80000 - 0x0000000070fab000 	C:\Program Files\TortoiseSVN\bin\libapr_tsvn.dll
0x0000000070f30000 - 0x0000000070f71000 	C:\Program Files\TortoiseSVN\bin\libaprutil_tsvn.dll
0x000007fef6dd0000 - 0x000007fef6de0000 	C:\Program Files\TortoiseSVN\bin\intl3_tsvn.dll
0x000007fef69c0000 - 0x000007fef69da000 	C:\Program Files\TortoiseSVN\bin\libsasl.dll
0x000007fefd6f0000 - 0x000007fefd6fb000 	C:\windows\system32\Secur32.dll
0x000007fefd8b0000 - 0x000007fefd8d5000 	C:\windows\system32\SSPICLI.DLL
0x000007fefdc70000 - 0x000007fefddda000 	C:\windows\system32\CRYPT32.dll
0x000007fefdab0000 - 0x000007fefdabf000 	C:\windows\system32\MSASN1.dll
0x0000000070d00000 - 0x0000000070d98000 	C:\windows\system32\MSVCP100.dll
0x000007fef4c00000 - 0x000007fef4df1000 	C:\Program Files\TortoiseSVN\bin\crshhndl.dll
0x000007fef4bc0000 - 0x000007fef4bf5000 	C:\windows\system32\EhStorShell.dll
0x000007fef4b40000 - 0x000007fef4bbe000 	C:\windows\System32\cscui.dll
0x000007fef4ad0000 - 0x000007fef4adc000 	C:\windows\System32\CSCDLL.dll
0x000007fef7090000 - 0x000007fef709f000 	C:\windows\system32\CSCAPI.dll
0x000007fef7100000 - 0x000007fef7118000 	C:\windows\system32\MPR.dll
0x000007fef9480000 - 0x000007fef948a000 	C:\windows\System32\drprov.dll
0x000007fefce70000 - 0x000007fefcead000 	C:\windows\System32\WINSTA.dll
0x000007fef70d0000 - 0x000007fef70f2000 	C:\windows\System32\ntlanman.dll
0x000007fef70b0000 - 0x000007fef70cc000 	C:\windows\System32\davclnt.dll
0x000007fef70a0000 - 0x000007fef70aa000 	C:\windows\System32\DAVHLPR.dll
0x000007fefce00000 - 0x000007fefce15000 	C:\windows\system32\wkscli.dll
0x000007fefce20000 - 0x000007fefce2c000 	C:\windows\system32\netutils.dll
0x000007fee3b70000 - 0x000007fee3de1000 	C:\windows\system32\wpdshext.dll
0x000007fefbe20000 - 0x000007fefc036000 	C:\windows\WinSxS\amd64_microsoft.windows.gdiplus_6595b64144ccf1df_1.1.7601.17825_none_2b253c8271ec7765\gdiplus.dll
0x000007fef0900000 - 0x000007fef09bd000 	C:\windows\system32\PortableDeviceApi.dll
0x000007fefdb70000 - 0x000007fefdba9000 	C:\windows\system32\WINTRUST.dll
0x000007fefb6d0000 - 0x000007fefb6f7000 	C:\windows\system32\EhStorAPI.dll
0x000007fef3c00000 - 0x000007fef3c0c000 	C:\windows\system32\LINKINFO.dll
0x000000006c600000 - 0x000000006c62a000 	C:\Program Files\Java\jdk1.7.0\jre\bin\dcpr.dll
0x000007fef6a40000 - 0x000007fef6b65000 	C:\windows\system32\dbghelp.dll

VM Arguments:
jvm_args: -Dfile.encoding=Cp1252 
java_command: com.pmiapp.apcs.Main
Launcher Type: SUN_STANDARD

Environment Variables:
PATH=c:\Program Files (x86)\Intel\iCLS Client\;c:\Program Files\Intel\iCLS Client\;C:\Program Files\Broadcom\Broadcom 802.11;;C:\windows\system32;C:\windows;C:\windows\System32\Wbem;C:\windows\System32\WindowsPowerShell\v1.0\;c:\Program Files (x86)\Hewlett-Packard\HP ProtectTools Security Manager\Bin\;C:\Program Files\WIDCOMM\Bluetooth Software\;C:\Program Files\WIDCOMM\Bluetooth Software\syswow64;C:\Program Files\Intel\Intel(R) Management Engine Components\DAL;C:\Program Files\Intel\Intel(R) Management Engine Components\IPT;C:\Program Files (x86)\Intel\Intel(R) Management Engine Components\DAL;C:\Program Files (x86)\Intel\Intel(R) Management Engine Components\IPT;C:\Program Files (x86)\Intel\OpenCL SDK\2.0\bin\x86;C:\Program Files (x86)\Intel\OpenCL SDK\2.0\bin\x64;C:\Program Files (x86)\Common Files\Roxio Shared\DLLShared\;C:\Program Files (x86)\Common Files\Roxio Shared\OEM\DLLShared\;C:\Program Files (x86)\Common Files\Roxio Shared\OEM\DLLShared\;C:\Program Files (x86)\Common Files\Roxio Shared\OEM\12.0\DLLShared\;C:\Program Files (x86)\Roxio\OEM\AudioCore\;C:\Program Files\TortoiseSVN\bin;c:\Program Files (x86)\Microsoft SQL Server\90\Tools\binn\
USERNAME=Andy
OS=Windows_NT
PROCESSOR_IDENTIFIER=Intel64 Family 6 Model 58 Stepping 9, GenuineIntel



---------------  S Y S T E M  ---------------

OS: Windows 7 , 64 bit Build 7601 Service Pack 1

CPU:total 4 (2 cores per cpu, 2 threads per core) family 6 model 58 stepping 9, cmov, cx8, fxsr, mmx, sse, sse2, sse3, ssse3, sse4.1, sse4.2, popcnt, ht

Memory: 4k page, physical 4072000k(897808k free), swap 8142148k(4212936k free)

vm_info: Java HotSpot(TM) 64-Bit Server VM (21.0-b17) for windows-amd64 JRE (1.7.0-b147), built on Jun 27 2011 02:19:45 by "java_re" with unknown MS VC++:1600

time: Tue Jan 22 15:58:52 2013
elapsed time: 784 seconds

