#
# A fatal error has been detected by the Java Runtime Environment:
#
#  EXCEPTION_ACCESS_VIOLATION (0xc0000005) at pc=0x0000000180005b6b, pid=9732, tid=8772
#
# JRE version: 7.0-b147
# Java VM: Java HotSpot(TM) 64-Bit Server VM (21.0-b17 mixed mode windows-amd64 compressed oops)
# Problematic frame:
# C  [rxtxSerial.dll+0x5b6b]
#
# Failed to write core dump. Minidumps are not enabled by default on client versions of Windows
#
# If you would like to submit a bug report, please visit:
#   http://bugreport.sun.com/bugreport/crash.jsp
# The crash happened outside the Java Virtual Machine in native code.
# See problematic frame for where to report the bug.
#

---------------  T H R E A D  ---------------

Current thread (0x000000000a2ec800):  JavaThread "Thread-8" [_thread_in_native, id=8772, stack(0x000000000c0a0000,0x000000000c1a0000)]

siginfo: ExceptionCode=0xc0000005, writing address 0x000000000848f168

Registers:
RAX=0x00000000ffffffff, RBX=0x0000000000000000, RCX=0x0000000000000000, RDX=0x0000000000000000
RSP=0x000000000c19f380, RBP=0x0000000000000190, RSI=0x0000000000000002, RDI=0x0000000000000001
R8 =0x000007fffff80000, R9 =0x0000000180000000, R10=0x0000000000000000, R11=0x0000000000000200
R12=0x000000000848f160, R13=0x0000000000000001, R14=0x0000000000000000, R15=0x0000000001b625e0
RIP=0x0000000180005b6b, EFLAGS=0x0000000000010286

Top of Stack: (sp=0x000000000c19f380)
0x000000000c19f380:   0000000000000000 0000000000000000
0x000000000c19f390:   0000000000000000 0000000000000000
0x000000000c19f3a0:   0000000000000000 000000000c19f4e0
0x000000000c19f3b0:   000000000c19f5f8 0000000000000001
0x000000000c19f3c0:   000000000a2ec9d0 0000000000000001
0x000000000c19f3d0:   0000000000000190 0000000180006211
0x000000000c19f3e0:   000000000214b110 0000000000000001
0x000000000c19f3f0:   0000000000000001 000000000214b110
0x000000000c19f400:   0000000000000001 0000000000000190
0x000000000c19f410:   000000000c19f4d8 000000000000000d
0x000000000c19f420:   0000000000000001 00000000076063e0
0x000000000c19f430:   74726f5058545852 794265746972773a
0x000000000c19f440:   0000000a31206574 000000000a2ec800
0x000000000c19f450:   000000000c19f5c0 0000eea103fc85cb
0x000000000c19f460:   0000eea103fc85eb 000000000c19f5f8
0x000000000c19f470:   000000000a2ec800 00000000bd896030 

Instructions: (pc=0x0000000180005b6b)
0x0000000180005b4b:   31 00 00 85 c0 78 33 74 06 03 d8 2b f8 eb 0a b9
0x0000000180005b5b:   e8 03 00 00 e8 1c 1c 00 00 41 3b dd 7c b7 8b c3
0x0000000180005b6b:   45 89 74 24 08 48 8b 5c 24 60 48 83 c4 20 41 5f
0x0000000180005b7b:   41 5e 41 5d 41 5c 5f 5e 5d c3 e8 1e 61 00 00 83 


Register to memory mapping:

RAX=0x00000000ffffffff is an unallocated location in the heap
RBX=0x0000000000000000 is an unknown value
RCX=0x0000000000000000 is an unknown value
RDX=0x0000000000000000 is an unknown value
RSP=0x000000000c19f380 is pointing into the stack for thread: 0x000000000a2ec800
RBP=0x0000000000000190 is an unknown value
RSI=0x0000000000000002 is an unknown value
RDI=0x0000000000000001 is an unknown value
R8 =0x000007fffff80000 is an unknown value
R9 =0x0000000180000000 is an unknown value
R10=0x0000000000000000 is an unknown value
R11=0x0000000000000200 is an unknown value
R12=0x000000000848f160 is an unknown value
R13=0x0000000000000001 is an unknown value
R14=0x0000000000000000 is an unknown value
R15=0x0000000001b625e0 is an unknown value


Stack: [0x000000000c0a0000,0x000000000c1a0000],  sp=0x000000000c19f380,  free space=1020k
Native frames: (J=compiled Java code, j=interpreted, Vv=VM code, C=native code)
C  [rxtxSerial.dll+0x5b6b]  Java_gnu_io_RXTXPort_nativeSetEndOfInputChar+0x31b

[error occurred during error reporting (printing native stack), id 0xc0000005]

Java frames: (J=compiled Java code, j=interpreted, Vv=VM code)
J  gnu.io.RXTXPort.readArray([BII)I
J  com.pmiapp.common.RawCommunication.serialMain(Ljava/lang/String;III)I
j  com.pmiapp.apcs.APCSCommunication.serialMain(Ljava/lang/String;III)I+52
J  com.pmiapp.apcs.GaugeReadThread.run()V
v  ~StubRoutines::call_stub

---------------  P R O C E S S  ---------------

Java Threads: ( => current thread )
=>0x000000000a2ec800 JavaThread "Thread-8" [_thread_in_native, id=8772, stack(0x000000000c0a0000,0x000000000c1a0000)]
  0x0000000009c1a800 JavaThread "Swing-Shell" daemon [_thread_blocked, id=10052, stack(0x000000000a830000,0x000000000a930000)]
  0x00000000077b1000 JavaThread "TimerQueue" daemon [_thread_blocked, id=10060, stack(0x000000000a580000,0x000000000a680000)]
  0x000000000223b800 JavaThread "DestroyJavaVM" [_thread_blocked, id=11164, stack(0x0000000002450000,0x0000000002550000)]
  0x00000000075ef800 JavaThread "AWT-EventQueue-0" [_thread_blocked, id=9404, stack(0x0000000008950000,0x0000000008a50000)]
  0x000000000750f800 JavaThread "AWT-Windows" daemon [_thread_in_native, id=3228, stack(0x0000000007c90000,0x0000000007d90000)]
  0x000000000750a800 JavaThread "AWT-Shutdown" [_thread_blocked, id=10856, stack(0x0000000007a10000,0x0000000007b10000)]
  0x0000000007507800 JavaThread "Java2D Disposer" daemon [_thread_blocked, id=1296, stack(0x0000000007890000,0x0000000007990000)]
  0x000000000612e800 JavaThread "Service Thread" daemon [_thread_blocked, id=6476, stack(0x0000000007180000,0x0000000007280000)]
  0x000000000612d000 JavaThread "C2 CompilerThread1" daemon [_thread_blocked, id=10644, stack(0x0000000006a70000,0x0000000006b70000)]
  0x0000000006122800 JavaThread "C2 CompilerThread0" daemon [_thread_blocked, id=5684, stack(0x0000000006f30000,0x0000000007030000)]
  0x000000000611f800 JavaThread "Attach Listener" daemon [_thread_blocked, id=6936, stack(0x0000000006820000,0x0000000006920000)]
  0x000000000611a800 JavaThread "Signal Dispatcher" daemon [_thread_blocked, id=10296, stack(0x0000000006d40000,0x0000000006e40000)]
  0x0000000002204000 JavaThread "Finalizer" daemon [_thread_blocked, id=10788, stack(0x0000000006b70000,0x0000000006c70000)]
  0x00000000021fd000 JavaThread "Reference Handler" daemon [_thread_blocked, id=5948, stack(0x0000000006940000,0x0000000006a40000)]

Other Threads:
  0x00000000021f5800 VMThread [stack: 0x00000000066f0000,0x00000000067f0000] [id=9320]
  0x0000000006139800 WatcherThread [stack: 0x0000000007360000,0x0000000007460000] [id=10176]

VM state:not at safepoint (normal execution)

VM Mutex/Monitor currently owned by a thread: None

Heap
 PSYoungGen      total 18560K, used 17087K [0x00000000eb400000, 0x00000000ec8b0000, 0x0000000100000000)
  eden space 15936K, 90% used [0x00000000eb400000,0x00000000ec2234b8,0x00000000ec390000)
  from space 2624K, 99% used [0x00000000ec390000,0x00000000ec61ca38,0x00000000ec620000)
  to   space 2624K, 0% used [0x00000000ec620000,0x00000000ec620000,0x00000000ec8b0000)
 PSOldGen        total 42496K, used 3713K [0x00000000c1c00000, 0x00000000c4580000, 0x00000000eb400000)
  object space 42496K, 8% used [0x00000000c1c00000,0x00000000c1fa0428,0x00000000c4580000)
 PSPermGen       total 21248K, used 15020K [0x00000000bca00000, 0x00000000bdec0000, 0x00000000c1c00000)
  object space 21248K, 70% used [0x00000000bca00000,0x00000000bd8ab3e8,0x00000000bdec0000)

Code Cache  [0x0000000002550000, 0x00000000027c0000, 0x0000000005550000)
 total_blobs=836 nmethods=358 adapters=428 free_code_cache=47742Kb largest_free_block=48845120

Dynamic libraries:
0x000000013fbd0000 - 0x000000013fc03000 	C:\Program Files\Java\jdk1.7.0\jre\bin\java.exe
0x0000000077660000 - 0x0000000077809000 	C:\windows\SYSTEM32\ntdll.dll
0x00000000770d0000 - 0x00000000771ef000 	C:\windows\system32\kernel32.dll
0x000007fefde20000 - 0x000007fefde8c000 	C:\windows\system32\KERNELBASE.dll
0x000007fefde90000 - 0x000007fefdf6b000 	C:\windows\system32\ADVAPI32.dll
0x000007fefdff0000 - 0x000007fefe08f000 	C:\windows\system32\msvcrt.dll
0x000007feff7a0000 - 0x000007feff7bf000 	C:\windows\SYSTEM32\sechost.dll
0x000007fefe090000 - 0x000007fefe1bd000 	C:\windows\system32\RPCRT4.dll
0x0000000077560000 - 0x000000007765a000 	C:\windows\system32\USER32.dll
0x000007feff330000 - 0x000007feff397000 	C:\windows\system32\GDI32.dll
0x000007fefe1c0000 - 0x000007fefe1ce000 	C:\windows\system32\LPK.dll
0x000007feff440000 - 0x000007feff509000 	C:\windows\system32\USP10.dll
0x000007fefca90000 - 0x000007fefcc84000 	C:\windows\WinSxS\amd64_microsoft.windows.common-controls_6595b64144ccf1df_6.0.7601.17514_none_fa396087175ac9ac\COMCTL32.dll
0x000007fefdf70000 - 0x000007fefdfe1000 	C:\windows\system32\SHLWAPI.dll
0x000007fefe570000 - 0x000007fefe59e000 	C:\windows\system32\IMM32.DLL
0x000007fefe220000 - 0x000007fefe329000 	C:\windows\system32\MSCTF.dll
0x000000006afe0000 - 0x000000006b0b1000 	C:\Program Files\Java\jdk1.7.0\jre\bin\msvcr100.dll
0x0000000058f70000 - 0x000000005963e000 	C:\Program Files\Java\jdk1.7.0\jre\bin\server\jvm.dll
0x000007fefa490000 - 0x000007fefa499000 	C:\windows\system32\WSOCK32.dll
0x000007fefe1d0000 - 0x000007fefe21d000 	C:\windows\system32\WS2_32.dll
0x000007feff7c0000 - 0x000007feff7c8000 	C:\windows\system32\NSI.dll
0x000007fefc070000 - 0x000007fefc0ab000 	C:\windows\system32\WINMM.dll
0x0000000077830000 - 0x0000000077837000 	C:\windows\system32\PSAPI.DLL
0x0000000072990000 - 0x000000007299f000 	C:\Program Files\Java\jdk1.7.0\jre\bin\verify.dll
0x0000000072900000 - 0x0000000072928000 	C:\Program Files\Java\jdk1.7.0\jre\bin\java.dll
0x0000000072960000 - 0x0000000072975000 	C:\Program Files\Java\jdk1.7.0\jre\bin\zip.dll
0x0000000058dd0000 - 0x0000000058f63000 	C:\Program Files\Java\jdk1.7.0\jre\bin\awt.dll
0x000007feff870000 - 0x000007feff947000 	C:\windows\system32\OLEAUT32.dll
0x000007feff590000 - 0x000007feff793000 	C:\windows\system32\ole32.dll
0x000007fefbc90000 - 0x000007fefbca8000 	C:\windows\system32\DWMAPI.DLL
0x000007fefc330000 - 0x000007fefc386000 	C:\windows\system32\uxtheme.dll
0x000007feeb5e0000 - 0x000007feeb6b5000 	c:\Program Files\Hewlett-Packard\HP ProtectTools Security Manager\Bin\DpoFeedb.dll
0x000007fefce70000 - 0x000007fefce7c000 	C:\windows\system32\VERSION.dll
0x000007fefcf30000 - 0x000007fefcf4e000 	C:\windows\system32\USERENV.dll
0x000007fefdac0000 - 0x000007fefdacf000 	C:\windows\system32\profapi.dll
0x000007fefd9f0000 - 0x000007fefd9ff000 	C:\windows\system32\CRYPTBASE.dll
0x000007feebbf0000 - 0x000007feebc47000 	c:\Program Files\Hewlett-Packard\HP ProtectTools Security Manager\Bin\DpoSet.dll
0x000007fefe5a0000 - 0x000007feff328000 	C:\windows\system32\SHELL32.dll
0x000000006eb90000 - 0x000000006ebc4000 	C:\Program Files\Java\jdk1.7.0\jre\bin\fontmanager.dll
0x000007feeaf90000 - 0x000007feeafcf000 	C:\Program Files\WIDCOMM\Bluetooth Software\btmmhook.dll
0x00000000728e0000 - 0x00000000728f9000 	C:\Program Files\Java\jdk1.7.0\jre\bin\net.dll
0x000007fefd330000 - 0x000007fefd385000 	C:\windows\system32\mswsock.dll
0x000007fefd320000 - 0x000007fefd327000 	C:\windows\System32\wship6.dll
0x00000000728c0000 - 0x00000000728d1000 	C:\Program Files\Java\jdk1.7.0\jre\bin\nio.dll
0x0000000072840000 - 0x0000000072881000 	C:\Program Files\Java\jdk1.7.0\jre\bin\t2k.dll
0x000007feff3a0000 - 0x000007feff439000 	C:\windows\system32\CLBCatQ.DLL
0x000000006b110000 - 0x000000006b140000 	C:\Program Files\Java\jdk1.7.0\jre\bin\jpeg.dll
0x0000000180000000 - 0x0000000180025000 	C:\Windows\System32\rxtxSerial.dll
0x000000006b170000 - 0x000000006b19a000 	C:\Program Files\Java\jdk1.7.0\jre\bin\dcpr.dll
0x000007fef5ce0000 - 0x000007fef5d80000 	C:\windows\WinSxS\amd64_microsoft.windows.common-controls_6595b64144ccf1df_5.82.7601.17514_none_a4d6a923711520a9\comctl32.dll
0x000007fefe390000 - 0x000007fefe567000 	C:\windows\system32\SETUPAPI.dll
0x000007fefdd80000 - 0x000007fefddb6000 	C:\windows\system32\CFGMGR32.dll
0x000007fefde00000 - 0x000007fefde1a000 	C:\windows\system32\DEVOBJ.dll
0x000007fefc390000 - 0x000007fefc4bc000 	C:\windows\system32\propsys.dll
0x000007fefc0b0000 - 0x000007fefc0dd000 	C:\windows\system32\ntmarta.dll
0x000007fefe330000 - 0x000007fefe382000 	C:\windows\system32\WLDAP32.dll
0x000007fefd990000 - 0x000007fefd9e7000 	C:\windows\system32\apphelp.dll
0x000007fef1d40000 - 0x000007fef1edc000 	C:\windows\system32\NetworkExplorer.dll
0x000007fef2d00000 - 0x000007fef2d34000 	C:\windows\System32\shdocvw.dll
0x000007fefae00000 - 0x000007fefae0b000 	C:\windows\system32\slc.dll
0x000007fef61f0000 - 0x000007fef6208000 	C:\windows\system32\MPR.dll
0x000007fef61e0000 - 0x000007fef61ea000 	C:\windows\System32\drprov.dll
0x000007fefcc90000 - 0x000007fefcccd000 	C:\windows\System32\WINSTA.dll
0x000007fef61b0000 - 0x000007fef61d2000 	C:\windows\System32\ntlanman.dll
0x000007fef6190000 - 0x000007fef61ac000 	C:\windows\System32\davclnt.dll
0x000007fef6180000 - 0x000007fef618a000 	C:\windows\System32\DAVHLPR.dll
0x000007fefcea0000 - 0x000007fefceb5000 	C:\windows\system32\wkscli.dll
0x000007fef6170000 - 0x000007fef617f000 	C:\windows\system32\cscapi.dll
0x000007fefcf00000 - 0x000007fefcf0c000 	C:\windows\system32\netutils.dll
0x000007fee2be0000 - 0x000007fee2e51000 	C:\windows\system32\wpdshext.dll
0x000007fefc110000 - 0x000007fefc326000 	C:\windows\WinSxS\amd64_microsoft.windows.gdiplus_6595b64144ccf1df_1.1.7601.17825_none_2b253c8271ec7765\gdiplus.dll
0x000007fef2860000 - 0x000007fef291d000 	C:\windows\system32\PortableDeviceApi.dll
0x000007fefddc0000 - 0x000007fefddf9000 	C:\windows\system32\WINTRUST.dll
0x000007fefdc10000 - 0x000007fefdd7a000 	C:\windows\system32\CRYPT32.dll
0x000007fefdb60000 - 0x000007fefdb6f000 	C:\windows\system32\MSASN1.dll
0x000007fef2f90000 - 0x000007fef2fc5000 	C:\windows\system32\EhStorShell.dll
0x000007fefbae0000 - 0x000007fefbb07000 	C:\windows\system32\EhStorAPI.dll
0x000007fef2740000 - 0x000007fef274c000 	C:\windows\system32\LINKINFO.dll
0x000007fefacd0000 - 0x000007fefadfa000 	C:\windows\system32\WindowsCodecs.dll
0x000000006f950000 - 0x000000006f966000 	C:\Program Files\Common Files\TortoiseOverlays\TortoiseOverlays.dll
0x0000000071290000 - 0x00000000712a0000 	C:\Program Files\TortoiseSVN\bin\TortoiseStub.dll
0x000000006f8d0000 - 0x000000006f94b000 	C:\Program Files\TortoiseSVN\bin\TortoiseSVN.dll
0x00000000771f0000 - 0x000000007734b000 	C:\windows\system32\WININET.dll
0x0000000077820000 - 0x0000000077823000 	C:\windows\system32\Normaliz.dll
0x0000000077350000 - 0x000000007755f000 	C:\windows\system32\iertutil.dll
0x0000000076f80000 - 0x00000000770cd000 	C:\windows\system32\urlmon.dll
0x000007fef3ba0000 - 0x000007fef3f89000 	C:\Program Files\TortoiseSVN\bin\libsvn_tsvn.dll
0x000000006f8a0000 - 0x000000006f8cb000 	C:\Program Files\TortoiseSVN\bin\libapr_tsvn.dll
0x000000006f850000 - 0x000000006f891000 	C:\Program Files\TortoiseSVN\bin\libaprutil_tsvn.dll
0x000007fef3b90000 - 0x000007fef3ba0000 	C:\Program Files\TortoiseSVN\bin\intl3_tsvn.dll
0x000007fef31d0000 - 0x000007fef31ea000 	C:\Program Files\TortoiseSVN\bin\libsasl.dll
0x000007fefd790000 - 0x000007fefd79b000 	C:\windows\system32\Secur32.dll
0x000007fefd960000 - 0x000007fefd985000 	C:\windows\system32\SSPICLI.DLL
0x000000006f7b0000 - 0x000000006f848000 	C:\windows\system32\MSVCP100.dll
0x000007fef2fd0000 - 0x000007fef31c1000 	C:\Program Files\TortoiseSVN\bin\crshhndl.dll
0x000007fef2f10000 - 0x000007fef2f8e000 	C:\windows\System32\cscui.dll
0x000007fef3b80000 - 0x000007fef3b8c000 	C:\windows\System32\CSCDLL.dll
0x000007fef5de0000 - 0x000007fef5f05000 	C:\windows\system32\dbghelp.dll

VM Arguments:
jvm_args: -Dfile.encoding=Cp1252 
java_command: com.pmiapp.apcs.Main
Launcher Type: SUN_STANDARD

Environment Variables:
PATH=c:\Program Files (x86)\Intel\iCLS Client\;c:\Program Files\Intel\iCLS Client\;C:\Program Files\Broadcom\Broadcom 802.11;;C:\windows\system32;C:\windows;C:\windows\System32\Wbem;C:\windows\System32\WindowsPowerShell\v1.0\;c:\Program Files (x86)\Hewlett-Packard\HP ProtectTools Security Manager\Bin\;C:\Program Files\WIDCOMM\Bluetooth Software\;C:\Program Files\WIDCOMM\Bluetooth Software\syswow64;C:\Program Files\Intel\Intel(R) Management Engine Components\DAL;C:\Program Files\Intel\Intel(R) Management Engine Components\IPT;C:\Program Files (x86)\Intel\Intel(R) Management Engine Components\DAL;C:\Program Files (x86)\Intel\Intel(R) Management Engine Components\IPT;C:\Program Files (x86)\Intel\OpenCL SDK\2.0\bin\x86;C:\Program Files (x86)\Intel\OpenCL SDK\2.0\bin\x64;C:\Program Files (x86)\Common Files\Roxio Shared\DLLShared\;C:\Program Files (x86)\Common Files\Roxio Shared\OEM\DLLShared\;C:\Program Files (x86)\Common Files\Roxio Shared\OEM\DLLShared\;C:\Program Files (x86)\Common Files\Roxio Shared\OEM\12.0\DLLShared\;C:\Program Files (x86)\Roxio\OEM\AudioCore\;C:\Program Files\TortoiseSVN\bin;c:\Program Files (x86)\Microsoft SQL Server\90\Tools\binn\
USERNAME=Andy
OS=Windows_NT
PROCESSOR_IDENTIFIER=Intel64 Family 6 Model 58 Stepping 9, GenuineIntel



---------------  S Y S T E M  ---------------

OS: Windows 7 , 64 bit Build 7601 Service Pack 1

CPU:total 4 (2 cores per cpu, 2 threads per core) family 6 model 58 stepping 9, cmov, cx8, fxsr, mmx, sse, sse2, sse3, ssse3, sse4.1, sse4.2, popcnt, ht

Memory: 4k page, physical 4072000k(982780k free), swap 8142148k(4222916k free)

vm_info: Java HotSpot(TM) 64-Bit Server VM (21.0-b17) for windows-amd64 JRE (1.7.0-b147), built on Jun 27 2011 02:19:45 by "java_re" with unknown MS VC++:1600

time: Wed Jan 09 16:42:06 2013
elapsed time: 479 seconds

